opForge 8085 Assembler v1.0
ADDR    BYTES                    LINE  SOURCE
------  -----------------------  ----  ------
----                                1  ; 65816 wide alignment coverage
----                                2  ; Ensures region/section/place align options accept values above 65535.
----                                3  
----                                4  .module main
----                                5  .cpu 65816
----                                6  .region ram, $010001, $02ffff, align=$20000
----                                7  
----                                8  .section code, align=$10000  ; [section code]
----                                9  start:  ; [section code]
020000  AA                         10      .byte $aa  ; [section code]
----                               11  .endsection
----                               12  
----                               13  .place code in ram, align=$8000
----                               14  .endmodule

Lines: 14  Errors: 0  Warnings: 0

SYMBOL TABLE

main.start      : 20000 (131072)

Total memory is 1 bytes

GENERATED OUTPUT

ADDR    BYTES
------  -----------------------
020000    AA
