opForge Assembler v0.9.3
ADDR    BYTES                    LINE  SOURCE
------  -----------------------  ----  ------
----                                1  ; Motorola 6809 indexed-mode baseline fixture
----                                2  .cpu m6809
----    EQU 1000                    3  .org $1000
----                                4  
----                                5  start
1000    A6 88 20                    6      LDA $20,X
1003    A6 A6                       7      LDA A,Y
----                                8      LDB -1,S
    8 |     LDB -1,S
            ^
ERROR: indexed displacement 4294967295 out of range
1005    EC C8 10                    9      LDD 16,U
1008    A6 8C 04                   10      LDA 4,PC
100B    39                         11      RTS

Lines: 11  Errors: 1  Warnings: 0

SYMBOL TABLE

start           : 1000 (4096)

Total memory is 12 bytes

GENERATED OUTPUT

ADDR    BYTES
------  -----------------------
1000    A6 88 20 A6 A6 EC C8 10 A6 8C 04 39
